<?xml version="1.0" encoding="UTF-8"?>
<testng-results skipped="0" failed="0" ignored="0" total="1" passed="1">
  <reporter-output>
  </reporter-output>
  <suite name="Default suite" duration-ms="120" started-at="2019-02-20T07:19:22Z" finished-at="2019-02-20T07:19:23Z">
    <groups>
    </groups>
    <test name="Default test" duration-ms="120" started-at="2019-02-20T07:19:22Z" finished-at="2019-02-20T07:19:23Z">
      <class name="amazon.djkastraAlgorithm.TestShortestPath">
        <test-method status="PASS" signature="testBuilDestinations()[pri:0, instance:null(amazon.djkastraAlgorithm.TestShortestPath)]" name="testBuilDestinations" duration-ms="90" started-at="2019-02-19T23:19:22Z" finished-at="2019-02-19T23:19:23Z">
          <reporter-output>
          </reporter-output>
        </test-method> <!-- testBuilDestinations -->
      </class> <!-- amazon.djkastraAlgorithm.TestShortestPath -->
    </test> <!-- Default test -->
  </suite> <!-- Default suite -->
</testng-results>
