<?xml version="1.0" encoding="UTF-8"?>
<testng-results skipped="0" failed="0" ignored="0" total="1" passed="1">
  <reporter-output>
  </reporter-output>
  <suite name="Default suite" duration-ms="58" started-at="2019-02-13T19:35:50Z" finished-at="2019-02-13T19:35:50Z">
    <groups>
    </groups>
    <test name="Default test" duration-ms="58" started-at="2019-02-13T19:35:50Z" finished-at="2019-02-13T19:35:50Z">
      <class name="sortingandsearching.peaksAndValleys.TestPeaksAndValleys">
        <test-method status="PASS" signature="testPeakAndValleys()[pri:0, instance:null(sortingandsearching.peaksAndValleys.TestPeaksAndValleys)]" name="testPeakAndValleys" duration-ms="18" started-at="2019-02-13T11:35:50Z" finished-at="2019-02-13T11:35:50Z">
          <reporter-output>
          </reporter-output>
        </test-method> <!-- testPeakAndValleys -->
      </class> <!-- sortingandsearching.peaksAndValleys.TestPeaksAndValleys -->
    </test> <!-- Default test -->
  </suite> <!-- Default suite -->
</testng-results>
