<?xml version="1.0" encoding="UTF-8"?>
<testng-results skipped="0" failed="0" ignored="0" total="1" passed="1">
  <reporter-output>
  </reporter-output>
  <suite name="Default suite" duration-ms="59" started-at="2019-01-19T06:30:56Z" finished-at="2019-01-19T06:30:56Z">
    <groups>
    </groups>
    <test name="Default test" duration-ms="59" started-at="2019-01-19T06:30:56Z" finished-at="2019-01-19T06:30:56Z">
      <class name="recursionanddynamicprogramming.TestStairCaseHop">
        <test-method status="PASS" signature="testStairCaseHop()[pri:0, instance:null(recursionanddynamicprogramming.TestStairCaseHop)]" name="testStairCaseHop" duration-ms="23" started-at="2019-01-18T22:30:56Z" finished-at="2019-01-18T22:30:56Z">
          <reporter-output>
          </reporter-output>
        </test-method> <!-- testStairCaseHop -->
      </class> <!-- recursionanddynamicprogramming.TestStairCaseHop -->
    </test> <!-- Default test -->
  </suite> <!-- Default suite -->
</testng-results>
